# JRE version: OpenJDK Runtime Environment (8.0_152-b01) (build 1.8.0_152-release-1343-b01)
# Java VM: OpenJDK 64-Bit Server VM (25.152-b01 mixed mode windows-amd64 compressed oops)
Heap:
 PSYoungGen      total 190464K, used 147286K [0x00000000e0000000, 0x00000000ef600000, 0x0000000100000000)
  eden space 171008K, 86% used [0x00000000e0000000,0x00000000e8fd5958,0x00000000ea700000)
  from space 19456K, 0% used [0x00000000ea700000,0x00000000ea700000,0x00000000eba00000)
  to   space 22528K, 0% used [0x00000000ee000000,0x00000000ee000000,0x00000000ef600000)
 ParOldGen       total 151552K, used 35772K [0x00000000a0000000, 0x00000000a9400000, 0x00000000e0000000)
  object space 151552K, 23% used [0x00000000a0000000,0x00000000a22ef3c8,0x00000000a9400000)
 Metaspace       used 63422K, capacity 65388K, committed 65576K, reserved 1105920K
  class space    used 8545K, capacity 8992K, committed 9000K, reserved 1048576K
GC Heap History (10 events):
Event: 19.715 GC heap before
{Heap before GC invocations=8 (full 2):
 PSYoungGen      total 139776K, used 13050K [0x00000000e0000000, 0x00000000e9b00000, 0x0000000100000000)
  eden space 126464K, 0% used [0x00000000e0000000,0x00000000e0000000,0x00000000e7b80000)
  from space 13312K, 98% used [0x00000000e8e00000,0x00000000e9abebd8,0x00000000e9b00000)
  to   space 14848K, 0% used [0x00000000e7e00000,0x00000000e7e00000,0x00000000e8c80000)
 ParOldGen       total 92160K, used 11995K [0x00000000a0000000, 0x00000000a5a00000, 0x00000000e0000000)
  object space 92160K, 13% used [0x00000000a0000000,0x00000000a0bb6ce8,0x00000000a5a00000)
 Metaspace       used 34637K, capacity 35432K, committed 35496K, reserved 1079296K
  class space    used 4767K, capacity 4999K, committed 5032K, reserved 1048576K
Event: 19.795 GC heap after
Heap after GC invocations=8 (full 2):
 PSYoungGen      total 139776K, used 0K [0x00000000e0000000, 0x00000000e9b00000, 0x0000000100000000)
  eden space 126464K, 0% used [0x00000000e0000000,0x00000000e0000000,0x00000000e7b80000)
  from space 13312K, 0% used [0x00000000e8e00000,0x00000000e8e00000,0x00000000e9b00000)
  to   space 14848K, 0% used [0x00000000e7e00000,0x00000000e7e00000,0x00000000e8c80000)
 ParOldGen       total 151552K, used 19709K [0x00000000a0000000, 0x00000000a9400000, 0x00000000e0000000)
  object space 151552K, 13% used [0x00000000a0000000,0x00000000a133f4a0,0x00000000a9400000)
 Metaspace       used 34610K, capacity 35342K, committed 35496K, reserved 1079296K
  class space    used 4759K, capacity 4984K, committed 5032K, reserved 1048576K
}
Event: 22.301 GC heap before
{Heap before GC invocations=9 (full 2):
 PSYoungGen      total 139776K, used 126464K [0x00000000e0000000, 0x00000000e9b00000, 0x0000000100000000)
  eden space 126464K, 100% used [0x00000000e0000000,0x00000000e7b80000,0x00000000e7b80000)
  from space 13312K, 0% used [0x00000000e8e00000,0x00000000e8e00000,0x00000000e9b00000)
  to   space 14848K, 0% used [0x00000000e7e00000,0x00000000e7e00000,0x00000000e8c80000)
 ParOldGen       total 151552K, used 19709K [0x00000000a0000000, 0x00000000a9400000, 0x00000000e0000000)
  object space 151552K, 13% used [0x00000000a0000000,0x00000000a133f4a0,0x00000000a9400000)
 Metaspace       used 45428K, capacity 46390K, committed 46632K, reserved 1089536K
  class space    used 6084K, capacity 6341K, committed 6440K, reserved 1048576K
Event: 22.315 GC heap after
Heap after GC invocations=9 (full 2):
 PSYoungGen      total 143872K, used 14846K [0x00000000e0000000, 0x00000000ecc00000, 0x0000000100000000)
  eden space 129024K, 0% used [0x00000000e0000000,0x00000000e0000000,0x00000000e7e00000)
  from space 14848K, 99% used [0x00000000e7e00000,0x00000000e8c7fab8,0x00000000e8c80000)
  to   space 17920K, 0% used [0x00000000eba80000,0x00000000eba80000,0x00000000ecc00000)
 ParOldGen       total 151552K, used 20938K [0x00000000a0000000, 0x00000000a9400000, 0x00000000e0000000)
  object space 151552K, 13% used [0x00000000a0000000,0x00000000a1472850,0x00000000a9400000)
 Metaspace       used 45428K, capacity 46390K, committed 46632K, reserved 1089536K
  class space    used 6084K, capacity 6341K, committed 6440K, reserved 1048576K
}
Event: 26.456 GC heap before
{Heap before GC invocations=10 (full 2):
 PSYoungGen      total 143872K, used 143870K [0x00000000e0000000, 0x00000000ecc00000, 0x0000000100000000)
  eden space 129024K, 100% used [0x00000000e0000000,0x00000000e7e00000,0x00000000e7e00000)
  from space 14848K, 99% used [0x00000000e7e00000,0x00000000e8c7fab8,0x00000000e8c80000)
  to   space 17920K, 0% used [0x00000000eba80000,0x00000000eba80000,0x00000000ecc00000)
 ParOldGen       total 151552K, used 20938K [0x00000000a0000000, 0x00000000a9400000, 0x00000000e0000000)
  object space 151552K, 13% used [0x00000000a0000000,0x00000000a1472850,0x00000000a9400000)
 Metaspace       used 51535K, capacity 52650K, committed 53032K, reserved 1095680K
  class space    used 6871K, capacity 7156K, committed 7208K, reserved 1048576K
Event: 26.467 GC heap after
Heap after GC invocations=10 (full 2):
 PSYoungGen      total 188928K, used 15948K [0x00000000e0000000, 0x00000000ecd00000, 0x0000000100000000)
  eden space 171008K, 0% used [0x00000000e0000000,0x00000000e0000000,0x00000000ea700000)
  from space 17920K, 89% used [0x00000000eba80000,0x00000000eca133c8,0x00000000ecc00000)
  to   space 19456K, 0% used [0x00000000ea700000,0x00000000ea700000,0x00000000eba00000)
 ParOldGen       total 151552K, used 20946K [0x00000000a0000000, 0x00000000a9400000, 0x00000000e0000000)
  object space 151552K, 13% used [0x00000000a0000000,0x00000000a1474850,0x00000000a9400000)
 Metaspace       used 51535K, capacity 52650K, committed 53032K, reserved 1095680K
  class space    used 6871K, capacity 7156K, committed 7208K, reserved 1048576K
}
Event: 28.090 GC heap before
{Heap before GC invocations=11 (full 2):
 PSYoungGen      total 188928K, used 160752K [0x00000000e0000000, 0x00000000ecd00000, 0x0000000100000000)
  eden space 171008K, 84% used [0x00000000e0000000,0x00000000e8d68f40,0x00000000ea700000)
  from space 17920K, 89% used [0x00000000eba80000,0x00000000eca133c8,0x00000000ecc00000)
  to   space 19456K, 0% used [0x00000000ea700000,0x00000000ea700000,0x00000000eba00000)
 ParOldGen       total 151552K, used 20946K [0x00000000a0000000, 0x00000000a9400000, 0x00000000e0000000)
  object space 151552K, 13% used [0x00000000a0000000,0x00000000a1474850,0x00000000a9400000)
 Metaspace       used 57643K, capacity 59070K, committed 59160K, reserved 1099776K
  class space    used 7692K, capacity 8034K, committed 8104K, reserved 1048576K
Event: 28.107 GC heap after
Heap after GC invocations=11 (full 2):
 PSYoungGen      total 190464K, used 19445K [0x00000000e0000000, 0x00000000ef600000, 0x0000000100000000)
  eden space 171008K, 0% used [0x00000000e0000000,0x00000000e0000000,0x00000000ea700000)
  from space 19456K, 99% used [0x00000000ea700000,0x00000000eb9fd428,0x00000000eba00000)
  to   space 22528K, 0% used [0x00000000ee000000,0x00000000ee000000,0x00000000ef600000)
 ParOldGen       total 151552K, used 22527K [0x00000000a0000000, 0x00000000a9400000, 0x00000000e0000000)
  object space 151552K, 14% used [0x00000000a0000000,0x00000000a15ffcf0,0x00000000a9400000)
 Metaspace       used 57643K, capacity 59070K, committed 59160K, reserved 1099776K
  class space    used 7692K, capacity 8034K, committed 8104K, reserved 1048576K
}
Event: 28.107 GC heap before
{Heap before GC invocations=12 (full 3):
 PSYoungGen      total 190464K, used 19445K [0x00000000e0000000, 0x00000000ef600000, 0x0000000100000000)
  eden space 171008K, 0% used [0x00000000e0000000,0x00000000e0000000,0x00000000ea700000)
  from space 19456K, 99% used [0x00000000ea700000,0x00000000eb9fd428,0x00000000eba00000)
  to   space 22528K, 0% used [0x00000000ee000000,0x00000000ee000000,0x00000000ef600000)
 ParOldGen       total 151552K, used 22527K [0x00000000a0000000, 0x00000000a9400000, 0x00000000e0000000)
  object space 151552K, 14% used [0x00000000a0000000,0x00000000a15ffcf0,0x00000000a9400000)
 Metaspace       used 57643K, capacity 59070K, committed 59160K, reserved 1099776K
  class space    used 7692K, capacity 8034K, committed 8104K, reserved 1048576K
Event: 28.308 GC heap after
Heap after GC invocations=12 (full 3):
 PSYoungGen      total 190464K, used 0K [0x00000000e0000000, 0x00000000ef600000, 0x0000000100000000)
  eden space 171008K, 0% used [0x00000000e0000000,0x00000000e0000000,0x00000000ea700000)
  from space 19456K, 0% used [0x00000000ea700000,0x00000000ea700000,0x00000000eba00000)
  to   space 22528K, 0% used [0x00000000ee000000,0x00000000ee000000,0x00000000ef600000)
 ParOldGen       total 151552K, used 35772K [0x00000000a0000000, 0x00000000a9400000, 0x00000000e0000000)
  object space 151552K, 23% used [0x00000000a0000000,0x00000000a22ef3c8,0x00000000a9400000)
 Metaspace       used 57643K, capacity 59070K, committed 59160K, reserved 1099776K
  class space    used 7692K, capacity 8034K, committed 8104K, reserved 1048576K
}

